<?xml version="1.0" encoding="UTF-8"?>
<!-- Generated by org.testng.reporters.JUnitReportReporter -->
<testsuite hostname="DESKTOP-J5AMVUJ" failures="0" tests="1" name="com.flipkart.tests.LoginTest" time="8.802" errors="0" timestamp="05 May 2021 09:32:21 GMT" skipped="0">
  <testcase classname="com.flipkart.tests.LoginTest" name="Login" time="8.802"/>
</testsuite> <!-- com.flipkart.tests.LoginTest -->
