<?xml version="1.0" encoding="UTF-8"?>
<!-- Generated by org.testng.reporters.JUnitReportReporter -->
<testsuite hostname="DESKTOP-J5AMVUJ" failures="0" tests="1" name="com.flipkart.tests.LoginTest" time="12.363" errors="0" timestamp="05 May 2021 11:30:44 GMT" skipped="0">
  <testcase classname="com.flipkart.tests.LoginTest" name="Login" time="12.363"/>
</testsuite> <!-- com.flipkart.tests.LoginTest -->
